<?xml version="1.0" encoding="UTF-8"?>
<!-- Generated by org.testng.reporters.JUnitReportReporter -->
<testsuite hostname="DESKTOP-BHR3PSD" failures="1" tests="9" name="testNG.verifyCustomerServiceSection" time="411.870" errors="0" timestamp="2024-03-01T15:54:25 IST" skipped="0">
  <testcase classname="testNG.verifyCustomerServiceSection" name="verifyMsgOnCustomerServicePage" time="14.541"/>
  <testcase classname="testNG.verifyCustomerServiceSection" name="verifyMsgOnCustomerServicePage" time="55.011"/>
  <testcase classname="testNG.verifyCustomerServiceSection" name="verifyMsgOnCustomerServicePage" time="19.682"/>
  <testcase classname="testNG.verifyCustomerServiceSection" name="verifyFindMoreSolutionAndAskQuationfunction" time="103.152"/>
  <testcase classname="testNG.verifyCustomerServiceSection" name="verifyFindMoreSolutionAndAskQuationfunction" time="47.931"/>
  <testcase classname="testNG.verifyCustomerServiceSection" name="verifyFindMoreSolutionAndAskQuationfunction" time="32.216"/>
  <testcase classname="testNG.verifyCustomerServiceSection" name="verifyLaguageSelectionMarathi" time="15.521">
    <failure message="expected [https://www.amazon.in/gp/help/customer/display.html?nodeId=200507590&amp;ref_=nav_cs_help&amp;language=mr_IN] but found [about:blank]" type="java.lang.AssertionError">
      <![CDATA[java.lang.AssertionError: expected [https://www.amazon.in/gp/help/customer/display.html?nodeId=200507590&ref_=nav_cs_help&language=mr_IN] but found [about:blank]
at org.testng.Assert.fail(Assert.java:111)
at org.testng.Assert.failNotEquals(Assert.java:1578)
at org.testng.Assert.assertEqualsImpl(Assert.java:150)
at org.testng.Assert.assertEquals(Assert.java:132)
at org.testng.Assert.assertEquals(Assert.java:656)
at org.testng.Assert.assertEquals(Assert.java:666)
at testNG.verifyCustomerServiceSection.verifyLaguageSelectionMarathi(verifyCustomerServiceSection.java:115)
at java.base/jdk.internal.reflect.NativeMethodAccessorImpl.invoke0(Native Method)
at java.base/jdk.internal.reflect.NativeMethodAccessorImpl.invoke(NativeMethodAccessorImpl.java:77)
at java.base/jdk.internal.reflect.DelegatingMethodAccessorImpl.invoke(DelegatingMethodAccessorImpl.java:43)
at java.base/java.lang.reflect.Method.invoke(Method.java:568)
at org.testng.internal.invokers.MethodInvocationHelper.invokeMethod(MethodInvocationHelper.java:139)
at org.testng.internal.invokers.TestInvoker.invokeMethod(TestInvoker.java:664)
at org.testng.internal.invokers.TestInvoker.invokeTestMethod(TestInvoker.java:228)
at org.testng.internal.invokers.MethodRunner.runInSequence(MethodRunner.java:63)
at org.testng.internal.invokers.TestInvoker$MethodInvocationAgent.invoke(TestInvoker.java:961)
at org.testng.internal.invokers.TestInvoker.invokeTestMethods(TestInvoker.java:201)
at org.testng.internal.invokers.TestMethodWorker.invokeTestMethods(TestMethodWorker.java:148)
at org.testng.internal.invokers.TestMethodWorker.run(TestMethodWorker.java:128)
at java.base/java.util.concurrent.Executors$RunnableAdapter.call(Executors.java:539)
at java.base/java.util.concurrent.FutureTask.run(FutureTask.java:264)
at org.testng.internal.thread.graph.TestNGFutureTask.run(TestNGFutureTask.java:22)
at java.base/java.util.concurrent.ThreadPoolExecutor.runWorker(ThreadPoolExecutor.java:1136)
at java.base/java.util.concurrent.ThreadPoolExecutor$Worker.run(ThreadPoolExecutor.java:635)
at java.base/java.lang.Thread.run(Thread.java:833)
]]>
    </failure>
  </testcase> <!-- verifyLaguageSelectionMarathi -->
  <testcase classname="testNG.verifyCustomerServiceSection" name="verifyLaguageSelectionMarathi" time="78.624"/>
  <testcase classname="testNG.verifyCustomerServiceSection" name="verifyLaguageSelectionMarathi" time="45.192"/>
</testsuite> <!-- testNG.verifyCustomerServiceSection -->
